<?xml version="1.0" encoding="UTF-8"?>
<!-- Generated by org.testng.reporters.JUnitXMLReporter -->
<testsuite hostname="HC-UT31050N" ignored="1" name="Test" tests="2" failures="1" timestamp="22 Mar 2019 02:21:29 GMT" time="26.633" errors="0">
  <testcase name="@AfterMethod tearDownMethod" time="0.357" classname="com.auto.testcases.BaseTestCase">
    <failure type="java.lang.NullPointerException">
      <![CDATA[java.lang.NullPointerException
at com.auto.testcases.BaseTestCase.tearDownMethod(BaseTestCase.java:56)
... Removed 28 stack frames]]>
    </failure>
  </testcase> <!-- @AfterMethod tearDownMethod -->
  <testcase name="@AfterClass tearDown" time="0.0" classname="com.auto.testcases.BaseTestCase">
    <skipped/>
  </testcase> <!-- @AfterClass tearDown -->
  <testcase name="TestCase" time="0.334" classname="com.auto.testcases.TC_001"/>
  <testcase name="TestCase" time="0.002" classname="com.auto.testcases.TC_002">
    <failure type="java.lang.NullPointerException">
      <![CDATA[java.lang.NullPointerException
at com.auto.testcases.TC_002.TestCase(TC_002.java:14)
... Removed 25 stack frames]]>
    </failure>
  </testcase> <!-- TestCase -->
  <testcase name="@BeforeSuite setupSuite" time="0.0" classname="com.auto.testcases.BaseTestCase">
    <ignored/>
  </testcase> <!-- @BeforeSuite setupSuite -->
</testsuite> <!-- Test -->
